Using pre-set license
Built from '2020.3/staging' branch; Version is '2020.3.11f1 (99c7afb366b3) revision 10078127'; Using compiler version '192528614'; Build Type 'Release'
OS: 'Windows 10 Home Single Language; OS build 19044.1706; Version 2009; 64bit' Language: 'en' Physical Memory: 15776 MB
BatchMode: 1, IsHumanControllingUs: 0, StartBugReporterOnCrash: 0, Is64bit: 1, IsPro: 0

 COMMAND LINE ARGUMENTS:
C:\Program Files\2020.3.11f1\Editor\Unity.exe
-adb2
-batchMode
-noUpm
-name
AssetImportWorker0
-projectPath
C:/Unity Projects/Assignment(AutoVrse)/Assignment/Assignment(AutoVrse)
-logFile
Logs/AssetImportWorker0.log
-srvPort
63176
Successfully changed project path to: C:/Unity Projects/Assignment(AutoVrse)/Assignment/Assignment(AutoVrse)
C:/Unity Projects/Assignment(AutoVrse)/Assignment/Assignment(AutoVrse)
Using Asset Import Pipeline V2.
Refreshing native plugins compatible for Editor in 25.43 ms, found 2 plugins.
Preloading 0 native plugins for Editor in 0.00 ms.
Initialize engine version: 2020.3.11f1 (99c7afb366b3)
[Subsystems] Discovering subsystems at path C:/Program Files/2020.3.11f1/Editor/Data/Resources/UnitySubsystems
[Subsystems] Discovering subsystems at path C:/Unity Projects/Assignment(AutoVrse)/Assignment/Assignment(AutoVrse)/Assets
GfxDevice: creating device client; threaded=0
Direct3D:
    Version:  Direct3D 11.0 [level 11.1]
    Renderer: NVIDIA GeForce RTX 3060 Laptop GPU (ID=0x2520)
    Vendor:   
    VRAM:     6023 MB
    Driver:   30.0.15.1123
Initialize mono
Mono path[0] = 'C:/Program Files/2020.3.11f1/Editor/Data/Managed'
Mono path[1] = 'C:/Program Files/2020.3.11f1/Editor/Data/MonoBleedingEdge/lib/mono/unityjit'
Mono config path = 'C:/Program Files/2020.3.11f1/Editor/Data/MonoBleedingEdge/etc'
Using monoOptions --debugger-agent=transport=dt_socket,embedding=1,server=y,suspend=n,address=127.0.0.1:56844
Begin MonoManager ReloadAssembly
Registering precompiled unity dll's ...
Register platform support module: C:/Program Files/2020.3.11f1/Editor/Data/PlaybackEngines/WebGLSupport/UnityEditor.WebGL.Extensions.dll
Register platform support module: C:/Program Files/2020.3.11f1/Editor/Data/PlaybackEngines/WindowsStandaloneSupport/UnityEditor.WindowsStandalone.Extensions.dll
Registered in 0.003157 seconds.
Native extension for WindowsStandalone target not found
Native extension for WebGL target not found
Refreshing native plugins compatible for Editor in 21.45 ms, found 2 plugins.
Preloading 0 native plugins for Editor in 0.00 ms.
Mono: successfully reloaded assembly
- Completed reload, in  2.420 seconds
Platform modules already initialized, skipping
Registering precompiled user dll's ...
Registered in 0.006164 seconds.
Begin MonoManager ReloadAssembly
Native extension for WindowsStandalone target not found
Native extension for WebGL target not found
Refreshing native plugins compatible for Editor in 0.32 ms, found 2 plugins.
Preloading 0 native plugins for Editor in 0.00 ms.
Mono: successfully reloaded assembly
- Completed reload, in  0.757 seconds
Platform modules already initialized, skipping
========================================================================
Worker process is ready to serve import requests
Launched and connected shader compiler UnityShaderCompiler.exe after 0.07 seconds
Refreshing native plugins compatible for Editor in 0.30 ms, found 2 plugins.
Preloading 0 native plugins for Editor in 0.00 ms.
Unloading 1389 Unused Serialized files (Serialized files now loaded: 0)
System memory in use before: 65.2 MB.
System memory in use after: 65.3 MB.

Unloading 18 unused Assets to reduce memory usage. Loaded Objects now: 1826.
Total: 1.922900 ms (FindLiveObjects: 0.133600 ms CreateObjectMapping: 0.042800 ms MarkObjects: 1.688000 ms  DeleteObjects: 0.057700 ms)

========================================================================
Received Import Request.
  path: Assets/Materials
  artifactKey: Guid(cd1da7f0c733dbd4a890352f05138507) Importer(815301076,1909f56bfc062723c751e8b465ee728b)
Start importing Assets/Materials using Guid(cd1da7f0c733dbd4a890352f05138507) Importer(815301076,1909f56bfc062723c751e8b465ee728b)  -> (artifact id: '81f613d098460f46b4a4dcd1d146b1f5') in 0.005028 seconds
  Import took 0.006771 seconds .

========================================================================
Received Import Request.
  Time since last request: 13.182711 seconds.
  path: Assets/Materials/New Material.mat
  artifactKey: Guid(6f21f1612c845184795ef0b25321d1bb) Importer(815301076,1909f56bfc062723c751e8b465ee728b)
Start importing Assets/Materials/New Material.mat using Guid(6f21f1612c845184795ef0b25321d1bb) Importer(815301076,1909f56bfc062723c751e8b465ee728b)  -> (artifact id: 'f8e293b58ba9e19b60505d3e8d0ff19c') in 0.083291 seconds
  Import took 0.085499 seconds .

========================================================================
Received Import Request.
  Time since last request: 40.694903 seconds.
  path: Assets/Materials/Floor_mat.mat
  artifactKey: Guid(6f21f1612c845184795ef0b25321d1bb) Importer(815301076,1909f56bfc062723c751e8b465ee728b)
Start importing Assets/Materials/Floor_mat.mat using Guid(6f21f1612c845184795ef0b25321d1bb) Importer(815301076,1909f56bfc062723c751e8b465ee728b)  -> (artifact id: 'e2222b4693dfe2eeb5eb086e3362aa49') in 0.008962 seconds
  Import took 0.011181 seconds .

========================================================================
Received Prepare
Registering precompiled user dll's ...
Registered in 0.006014 seconds.
Begin MonoManager ReloadAssembly
Native extension for WindowsStandalone target not found
Native extension for WebGL target not found
Refreshing native plugins compatible for Editor in 0.31 ms, found 2 plugins.
Preloading 0 native plugins for Editor in 0.00 ms.
Mono: successfully reloaded assembly
- Completed reload, in  0.764 seconds
Platform modules already initialized, skipping
Refreshing native plugins compatible for Editor in 0.31 ms, found 2 plugins.
Preloading 0 native plugins for Editor in 0.00 ms.
Unloading 1384 Unused Serialized files (Serialized files now loaded: 0)
System memory in use before: 68.5 MB.
System memory in use after: 68.6 MB.

Unloading 14 unused Assets to reduce memory usage. Loaded Objects now: 1869.
Total: 1.885700 ms (FindLiveObjects: 0.130600 ms CreateObjectMapping: 0.039100 ms MarkObjects: 1.666500 ms  DeleteObjects: 0.048700 ms)

========================================================================
Received Prepare
Registering precompiled user dll's ...
Registered in 0.005758 seconds.
Begin MonoManager ReloadAssembly
Native extension for WindowsStandalone target not found
Native extension for WebGL target not found
Refreshing native plugins compatible for Editor in 0.32 ms, found 2 plugins.
Preloading 0 native plugins for Editor in 0.00 ms.
Mono: successfully reloaded assembly
- Completed reload, in  0.757 seconds
Platform modules already initialized, skipping
Refreshing native plugins compatible for Editor in 0.32 ms, found 2 plugins.
Preloading 0 native plugins for Editor in 0.00 ms.
Unloading 1397 Unused Serialized files (Serialized files now loaded: 0)
System memory in use before: 70.5 MB.
System memory in use after: 69.9 MB.

Unloading 27 unused Assets to reduce memory usage. Loaded Objects now: 1872.
Total: 2.057000 ms (FindLiveObjects: 0.157800 ms CreateObjectMapping: 0.035200 ms MarkObjects: 1.599900 ms  DeleteObjects: 0.263200 ms)

========================================================================
Received Prepare
Registering precompiled user dll's ...
Registered in 0.006929 seconds.
Begin MonoManager ReloadAssembly
Native extension for WindowsStandalone target not found
Native extension for WebGL target not found
Refreshing native plugins compatible for Editor in 0.31 ms, found 2 plugins.
Preloading 0 native plugins for Editor in 0.00 ms.
Mono: successfully reloaded assembly
- Completed reload, in  0.726 seconds
Platform modules already initialized, skipping
Refreshing native plugins compatible for Editor in 0.32 ms, found 2 plugins.
Preloading 0 native plugins for Editor in 0.00 ms.
Unloading 1397 Unused Serialized files (Serialized files now loaded: 0)
System memory in use before: 70.5 MB.
System memory in use after: 69.9 MB.

Unloading 27 unused Assets to reduce memory usage. Loaded Objects now: 1875.
Total: 2.106000 ms (FindLiveObjects: 0.199100 ms CreateObjectMapping: 0.031600 ms MarkObjects: 1.568900 ms  DeleteObjects: 0.304600 ms)

========================================================================
Received Prepare
Registering precompiled user dll's ...
Registered in 0.006020 seconds.
Begin MonoManager ReloadAssembly
Native extension for WindowsStandalone target not found
Native extension for WebGL target not found
Refreshing native plugins compatible for Editor in 0.32 ms, found 2 plugins.
Preloading 0 native plugins for Editor in 0.00 ms.
Mono: successfully reloaded assembly
- Completed reload, in  0.723 seconds
Platform modules already initialized, skipping
Refreshing native plugins compatible for Editor in 0.32 ms, found 2 plugins.
Preloading 0 native plugins for Editor in 0.00 ms.
Unloading 1397 Unused Serialized files (Serialized files now loaded: 0)
System memory in use before: 70.5 MB.
System memory in use after: 70.0 MB.

Unloading 27 unused Assets to reduce memory usage. Loaded Objects now: 1878.
Total: 1.924300 ms (FindLiveObjects: 0.128900 ms CreateObjectMapping: 0.035500 ms MarkObjects: 1.478200 ms  DeleteObjects: 0.280600 ms)

========================================================================
Received Prepare
Registering precompiled user dll's ...
Registered in 0.006156 seconds.
Begin MonoManager ReloadAssembly
Native extension for WindowsStandalone target not found
Native extension for WebGL target not found
Refreshing native plugins compatible for Editor in 0.33 ms, found 2 plugins.
Preloading 0 native plugins for Editor in 0.00 ms.
Mono: successfully reloaded assembly
- Completed reload, in  0.748 seconds
Platform modules already initialized, skipping
Refreshing native plugins compatible for Editor in 0.31 ms, found 2 plugins.
Preloading 0 native plugins for Editor in 0.00 ms.
Unloading 1397 Unused Serialized files (Serialized files now loaded: 0)
System memory in use before: 70.5 MB.
System memory in use after: 70.0 MB.

Unloading 27 unused Assets to reduce memory usage. Loaded Objects now: 1881.
Total: 2.088500 ms (FindLiveObjects: 0.128000 ms CreateObjectMapping: 0.034800 ms MarkObjects: 1.613700 ms  DeleteObjects: 0.310700 ms)

========================================================================
Received Prepare
Registering precompiled user dll's ...
Registered in 0.005917 seconds.
Begin MonoManager ReloadAssembly
Native extension for WindowsStandalone target not found
Native extension for WebGL target not found
Refreshing native plugins compatible for Editor in 0.32 ms, found 2 plugins.
Preloading 0 native plugins for Editor in 0.00 ms.
Mono: successfully reloaded assembly
- Completed reload, in  0.731 seconds
Platform modules already initialized, skipping
Refreshing native plugins compatible for Editor in 0.55 ms, found 2 plugins.
Preloading 0 native plugins for Editor in 0.00 ms.
Unloading 1397 Unused Serialized files (Serialized files now loaded: 0)
System memory in use before: 70.5 MB.
System memory in use after: 70.0 MB.

Unloading 27 unused Assets to reduce memory usage. Loaded Objects now: 1884.
Total: 1.890600 ms (FindLiveObjects: 0.128600 ms CreateObjectMapping: 0.030200 ms MarkObjects: 1.436400 ms  DeleteObjects: 0.294600 ms)

========================================================================
Received Prepare
Registering precompiled user dll's ...
Registered in 0.005920 seconds.
Begin MonoManager ReloadAssembly
Native extension for WindowsStandalone target not found
Native extension for WebGL target not found
Refreshing native plugins compatible for Editor in 0.32 ms, found 2 plugins.
Preloading 0 native plugins for Editor in 0.00 ms.
Mono: successfully reloaded assembly
- Completed reload, in  0.726 seconds
Platform modules already initialized, skipping
Refreshing native plugins compatible for Editor in 0.34 ms, found 2 plugins.
Preloading 0 native plugins for Editor in 0.00 ms.
Unloading 1397 Unused Serialized files (Serialized files now loaded: 0)
System memory in use before: 70.6 MB.
System memory in use after: 70.0 MB.

Unloading 27 unused Assets to reduce memory usage. Loaded Objects now: 1887.
Total: 2.257700 ms (FindLiveObjects: 0.142300 ms CreateObjectMapping: 0.038600 ms MarkObjects: 1.782500 ms  DeleteObjects: 0.293300 ms)

========================================================================
Received Prepare
Registering precompiled user dll's ...
Registered in 0.005939 seconds.
Begin MonoManager ReloadAssembly
Native extension for WindowsStandalone target not found
Native extension for WebGL target not found
Refreshing native plugins compatible for Editor in 0.32 ms, found 2 plugins.
Preloading 0 native plugins for Editor in 0.00 ms.
Mono: successfully reloaded assembly
- Completed reload, in  0.749 seconds
Platform modules already initialized, skipping
Refreshing native plugins compatible for Editor in 0.33 ms, found 2 plugins.
Preloading 0 native plugins for Editor in 0.00 ms.
Unloading 1397 Unused Serialized files (Serialized files now loaded: 0)
System memory in use before: 70.6 MB.
System memory in use after: 70.0 MB.

Unloading 27 unused Assets to reduce memory usage. Loaded Objects now: 1890.
Total: 2.057500 ms (FindLiveObjects: 0.172200 ms CreateObjectMapping: 0.034800 ms MarkObjects: 1.545700 ms  DeleteObjects: 0.303900 ms)

========================================================================
Received Prepare
Registering precompiled user dll's ...
Registered in 0.006118 seconds.
Begin MonoManager ReloadAssembly
Native extension for WindowsStandalone target not found
Native extension for WebGL target not found
Refreshing native plugins compatible for Editor in 0.31 ms, found 2 plugins.
Preloading 0 native plugins for Editor in 0.00 ms.
Mono: successfully reloaded assembly
- Completed reload, in  0.728 seconds
Platform modules already initialized, skipping
Refreshing native plugins compatible for Editor in 0.35 ms, found 2 plugins.
Preloading 0 native plugins for Editor in 0.00 ms.
Unloading 1397 Unused Serialized files (Serialized files now loaded: 0)
System memory in use before: 70.6 MB.
System memory in use after: 70.0 MB.

Unloading 27 unused Assets to reduce memory usage. Loaded Objects now: 1893.
Total: 2.143000 ms (FindLiveObjects: 0.146400 ms CreateObjectMapping: 0.038800 ms MarkObjects: 1.665200 ms  DeleteObjects: 0.291100 ms)

========================================================================
Received Prepare
Registering precompiled user dll's ...
Registered in 0.006085 seconds.
Begin MonoManager ReloadAssembly
Native extension for WindowsStandalone target not found
Native extension for WebGL target not found
Refreshing native plugins compatible for Editor in 0.32 ms, found 2 plugins.
Preloading 0 native plugins for Editor in 0.00 ms.
Mono: successfully reloaded assembly
- Completed reload, in  0.766 seconds
Platform modules already initialized, skipping
Refreshing native plugins compatible for Editor in 0.34 ms, found 2 plugins.
Preloading 0 native plugins for Editor in 0.00 ms.
Unloading 1397 Unused Serialized files (Serialized files now loaded: 0)
System memory in use before: 70.6 MB.
System memory in use after: 70.0 MB.

Unloading 27 unused Assets to reduce memory usage. Loaded Objects now: 1896.
Total: 2.356800 ms (FindLiveObjects: 0.193800 ms CreateObjectMapping: 0.068100 ms MarkObjects: 1.785900 ms  DeleteObjects: 0.307900 ms)

========================================================================
Received Prepare
Registering precompiled user dll's ...
Registered in 0.006340 seconds.
Begin MonoManager ReloadAssembly
Native extension for WindowsStandalone target not found
Native extension for WebGL target not found
Refreshing native plugins compatible for Editor in 0.32 ms, found 2 plugins.
Preloading 0 native plugins for Editor in 0.00 ms.
Mono: successfully reloaded assembly
- Completed reload, in  0.722 seconds
Platform modules already initialized, skipping
Refreshing native plugins compatible for Editor in 0.31 ms, found 2 plugins.
Preloading 0 native plugins for Editor in 0.00 ms.
Unloading 1397 Unused Serialized files (Serialized files now loaded: 0)
System memory in use before: 70.6 MB.
System memory in use after: 70.0 MB.

Unloading 27 unused Assets to reduce memory usage. Loaded Objects now: 1899.
Total: 1.974300 ms (FindLiveObjects: 0.155200 ms CreateObjectMapping: 0.031700 ms MarkObjects: 1.484000 ms  DeleteObjects: 0.302000 ms)

========================================================================
Received Prepare
Registering precompiled user dll's ...
Registered in 0.006146 seconds.
Begin MonoManager ReloadAssembly
Native extension for WindowsStandalone target not found
Native extension for WebGL target not found
Refreshing native plugins compatible for Editor in 0.32 ms, found 2 plugins.
Preloading 0 native plugins for Editor in 0.00 ms.
Mono: successfully reloaded assembly
- Completed reload, in  0.722 seconds
Platform modules already initialized, skipping
Refreshing native plugins compatible for Editor in 0.31 ms, found 2 plugins.
Preloading 0 native plugins for Editor in 0.00 ms.
Unloading 1397 Unused Serialized files (Serialized files now loaded: 0)
System memory in use before: 70.6 MB.
System memory in use after: 70.0 MB.

Unloading 27 unused Assets to reduce memory usage. Loaded Objects now: 1902.
Total: 2.191500 ms (FindLiveObjects: 0.141200 ms CreateObjectMapping: 0.038400 ms MarkObjects: 1.729900 ms  DeleteObjects: 0.281100 ms)

AssetImportWorkerClient::OnTransportError - code=2 error=End of file
